
╔══════════════════════════════════════════════════════╗
║  DBD Full Scraper v7  (datawarehouse.dbd.go.th)      ║
║  Phase 2: Apify Google Search — no CAPTCHA           ║
╚══════════════════════════════════════════════════════╝

กรอก รหัส TSIC เช่น 56101 : ดึงกี่หน้า? (Enter = ทั้งหมด) : ค้น Google เบอร์โทรด้วยไหม? [y/n] default=y : 
พบ checkpoint:
  [0] checkpoint_56101_p50.json  (500 ราย)
Resume จาก checkpoint? [y/n] default=n : 
⚙️  Chrome profile: /Users/mac/Library/Application Support/Google/Chrome/Default
⚙️  keyword=56101  หน้า=ทั้งหมด  Google=✗
เริ่มเลยไหม? [y/n] :   🌐 ใช้ Chrome จริง: /Applications/Google Chrome.app/Contents/MacOS/Google Chrome
  🌐 ใช้ Chrome profile: /Users/mac/Library/Application Support/Google/Chrome/Default

════════════════════════════════════════════════════════════
  NAVIGATE — keyword=56101
════════════════════════════════════════════════════════════
  [1/7] เปิดหน้าแรก...
      ✓ เข้า list ด้วย URL ตรง
  [7/7] เลือก 'ทุนจดทะเบียน (มาก-น้อย)'...
      ✓ เรียงตามทุนจดทะเบียนแล้ว
  [filter] เลือกสถานะ active บนเว็บ DBD...
      ✓ กรองสถานะ: ยังดำเนินกิจการอยู่, ฟื้นฟู, ควบ, แปรสภาพ
  ✅ นำทางสำเร็จ


════════════════════════════════════════════════════════════
  PHASE 1 — Scrape รายชื่อนิติบุคคล
  พบ ~28,037 ราย | 2,804 หน้า
  จะดึง 2,804 หน้า
════════════════════════════════════════════════════════════

  [    1/2804]    0%  ✓ 10/10 ราย active  ข้าม 0  (รวม 10)
  [    2/2804]    0%  ✓ 10/10 ราย active  ข้าม 0  (รวม 20)
  [    3/2804]    0%  ✓ 10/10 ราย active  ข้าม 0  (รวม 30)
  [    4/2804]    0%  ✓ 10/10 ราย active  ข้าม 0  (รวม 40)
  [    5/2804]    0%  ✓ 10/10 ราย active  ข้าม 0  (รวม 50)
  [    6/2804]    0%  ✓ 10/10 ราย active  ข้าม 0  (รวม 60)
  [    7/2804]    0%  ✓ 10/10 ราย active  ข้าม 0  (รวม 70)
  [    8/2804]    0%  ✓ 10/10 ราย active  ข้าม 0  (รวม 80)
  [    9/2804]    0%  ✓ 10/10 ราย active  ข้าม 0  (รวม 90)
  [   10/2804]    0%  ✓ 10/10 ราย active  ข้าม 0  (รวม 100)
  [   11/2804]    0%  ✓ 10/10 ราย active  ข้าม 0  (รวม 110)
  [   12/2804]    0%  ✓ 10/10 ราย active  ข้าม 0  (รวม 120)
  [   13/2804]    0%  ✓ 10/10 ราย active  ข้าม 0  (รวม 130)
  [   14/2804]    0%  ✓ 10/10 ราย active  ข้าม 0  (รวม 140)
  [   15/2804]    1%  ✓ 10/10 ราย active  ข้าม 0  (รวม 150)
  [   16/2804]    1%  ✓ 10/10 ราย active  ข้าม 0  (รวม 160)
  [   17/2804]    1%  ✓ 10/10 ราย active  ข้าม 0  (รวม 170)
  [   18/2804]    1%  ✓ 10/10 ราย active  ข้าม 0  (รวม 180)
  [   19/2804]    1%  ✓ 10/10 ราย active  ข้าม 0  (รวม 190)
  [   20/2804]    1%  ✓ 10/10 ราย active  ข้าม 0  (รวม 200)
  [   21/2804]    1%  ✓ 10/10 ราย active  ข้าม 0  (รวม 210)
  [   22/2804]    1%  ✓ 10/10 ราย active  ข้าม 0  (รวม 220)
  [   23/2804]    1%  ✓ 10/10 ราย active  ข้าม 0  (รวม 230)
  [   24/2804]    1%  ✓ 10/10 ราย active  ข้าม 0  (รวม 240)
  [   25/2804]    1%  ✓ 10/10 ราย active  ข้าม 0  (รวม 250)
  [   26/2804]    1%  ✓ 10/10 ราย active  ข้าม 0  (รวม 260)
  [   27/2804]    1%  ✓ 10/10 ราย active  ข้าม 0  (รวม 270)
  [   28/2804]    1%  ✓ 10/10 ราย active  ข้าม 0  (รวม 280)
  [   29/2804]    1%  ✓ 10/10 ราย active  ข้าม 0  (รวม 290)
  [   30/2804]    1%  ✓ 10/10 ราย active  ข้าม 0  (รวม 300)
  [   31/2804]    1%  ✓ 10/10 ราย active  ข้าม 0  (รวม 310)
  [   32/2804]    1%  ✓ 10/10 ราย active  ข้าม 0  (รวม 320)
  [   33/2804]    1%  ✓ 10/10 ราย active  ข้าม 0  (รวม 330)
  [   34/2804]    1%  ✓ 10/10 ราย active  ข้าม 0  (รวม 340)
  [   35/2804]    1%  ✓ 10/10 ราย active  ข้าม 0  (รวม 350)
  [   36/2804]    1%  ✓ 10/10 ราย active  ข้าม 0  (รวม 360)
  [   37/2804]    1%  ✓ 10/10 ราย active  ข้าม 0  (รวม 370)
  [   38/2804]    1%  ✓ 10/10 ราย active  ข้าม 0  (รวม 380)
  [   39/2804]    1%  ✓ 10/10 ราย active  ข้าม 0  (รวม 390)
  [   40/2804]    1%  ✓ 10/10 ราย active  ข้าม 0  (รวม 400)
  [   41/2804]    1%  ✓ 10/10 ราย active  ข้าม 0  (รวม 410)
  [   42/2804]    1%  ✓ 10/10 ราย active  ข้าม 0  (รวม 420)
  [   43/2804]    2%  ✓ 10/10 ราย active  ข้าม 0  (รวม 430)
  [   44/2804]    2%  ✓ 10/10 ราย active  ข้าม 0  (รวม 440)
  [   45/2804]    2%  ✓ 10/10 ราย active  ข้าม 0  (รวม 450)
  [   46/2804]    2%  ✓ 10/10 ราย active  ข้าม 0  (รวม 460)
  [   47/2804]    2%  ✓ 10/10 ราย active  ข้าม 0  (รวม 470)
  [   48/2804]    2%  ✓ 10/10 ราย active  ข้าม 0  (รวม 480)
  [   49/2804]    2%  ✓ 10/10 ราย active  ข้าม 0  (รวม 490)
  [   50/2804]    2%  ✓ 10/10 ราย active  ข้าม 0  (รวม 500)
         💾 checkpoint (500 ราย)
  [   51/2804]    2%  ✓ 10/10 ราย active  ข้าม 0  (รวม 510)
  [   52/2804]    2%  ✓ 10/10 ราย active  ข้าม 0  (รวม 520)
  [   53/2804]    2%  ✓ 10/10 ราย active  ข้าม 0  (รวม 530)
  [   54/2804]    2%  ✓ 10/10 ราย active  ข้าม 0  (รวม 540)
  [   55/2804]    2%  ✓ 10/10 ราย active  ข้าม 0  (รวม 550)
  [   56/2804]    2%  ✓ 10/10 ราย active  ข้าม 0  (รวม 560)
  [   57/2804]    2%  ✓ 10/10 ราย active  ข้าม 0  (รวม 570)
  [   58/2804]    2%  ✓ 10/10 ราย active  ข้าม 0  (รวม 580)
  [   59/2804]    2%  ✓ 10/10 ราย active  ข้าม 0  (รวม 590)
  [   60/2804]    2%  ✓ 10/10 ราย active  ข้าม 0  (รวม 600)
  [   61/2804]    2%  ✓ 10/10 ราย active  ข้าม 0  (รวม 610)
  [   62/2804]    2%  ✓ 10/10 ราย active  ข้าม 0  (รวม 620)
  [   63/2804]    2%  ✓ 10/10 ราย active  ข้าม 0  (รวม 630)
  [   64/2804]    2%  ✓ 10/10 ราย active  ข้าม 0  (รวม 640)
  [   65/2804]    2%  ✓ 10/10 ราย active  ข้าม 0  (รวม 650)
  [   66/2804]    2%  ✓ 10/10 ราย active  ข้าม 0  (รวม 660)
  [   67/2804]    2%  ✓ 10/10 ราย active  ข้าม 0  (รวม 670)
  [   68/2804]    2%  ✓ 10/10 ราย active  ข้าม 0  (รวม 680)
  [   69/2804]    2%  ✓ 10/10 ราย active  ข้าม 0  (รวม 690)
  [   70/2804]    2%  ✓ 10/10 ราย active  ข้าม 0  (รวม 700)
  [   71/2804]    3%  ✓ 10/10 ราย active  ข้าม 0  (รวม 710)
  [   72/2804]    3%  ✓ 10/10 ราย active  ข้าม 0  (รวม 720)
  [   73/2804]    3%  ✓ 10/10 ราย active  ข้าม 0  (รวม 730)
  [   74/2804]    3%  ✓ 10/10 ราย active  ข้าม 0  (รวม 740)
  [   75/2804]    3%  ✓ 10/10 ราย active  ข้าม 0  (รวม 750)
  [   76/2804]    3%  ✓ 10/10 ราย active  ข้าม 0  (รวม 760)
  [   77/2804]    3%  ✓ 10/10 ราย active  ข้าม 0  (รวม 770)
  [   78/2804]    3%  ✓ 10/10 ราย active  ข้าม 0  (รวม 780)
  [   79/2804]    3%  ✓ 10/10 ราย active  ข้าม 0  (รวม 790)
  [   80/2804]    3%  ✓ 10/10 ราย active  ข้าม 0  (รวม 800)
  [   81/2804]    3%  ✓ 10/10 ราย active  ข้าม 0  (รวม 810)
  [   82/2804]    3%  ✓ 10/10 ราย active  ข้าม 0  (รวม 820)
  [   83/2804]    3%  ✓ 10/10 ราย active  ข้าม 0  (รวม 830)
  [   84/2804]    3%  ✓ 10/10 ราย active  ข้าม 0  (รวม 840)
  [   85/2804]    3%  ✓ 10/10 ราย active  ข้าม 0  (รวม 850)
  [   86/2804]    3%  ✓ 10/10 ราย active  ข้าม 0  (รวม 860)
  [   87/2804]    3%  ✓ 10/10 ราย active  ข้าม 0  (รวม 870)
  [   88/2804]    3%  ✓ 10/10 ราย active  ข้าม 0  (รวม 880)
  [   89/2804]    3%  ✓ 10/10 ราย active  ข้าม 0  (รวม 890)
  [   90/2804]    3%  ✓ 10/10 ราย active  ข้าม 0  (รวม 900)
  [   91/2804]    3%  ✓ 10/10 ราย active  ข้าม 0  (รวม 910)
  [   92/2804]    3%  ✓ 10/10 ราย active  ข้าม 0  (รวม 920)
  [   93/2804]    3%  ✓ 10/10 ราย active  ข้าม 0  (รวม 930)
  [   94/2804]    3%  ✓ 10/10 ราย active  ข้าม 0  (รวม 940)
  [   95/2804]    3%  ✓ 10/10 ราย active  ข้าม 0  (รวม 950)
  [   96/2804]    3%  ✓ 10/10 ราย active  ข้าม 0  (รวม 960)
  [   97/2804]    3%  ✓ 10/10 ราย active  ข้าม 0  (รวม 970)
  [   98/2804]    3%  ✓ 10/10 ราย active  ข้าม 0  (รวม 980)
  [   99/2804]    4%  ✓ 10/10 ราย active  ข้าม 0  (รวม 990)
  [  100/2804]    4%  ✓ 10/10 ราย active  ข้าม 0  (รวม 1,000)
         💾 checkpoint (1,000 ราย)
  [  101/2804]    4%  ✓ 10/10 ราย active  ข้าม 0  (รวม 1,010)
  [  102/2804]    4%  ✓ 10/10 ราย active  ข้าม 0  (รวม 1,020)
  [  103/2804]    4%  ✓ 10/10 ราย active  ข้าม 0  (รวม 1,030)
  [  104/2804]    4%  ✓ 10/10 ราย active  ข้าม 0  (รวม 1,040)
  [  105/2804]    4%  ✓ 10/10 ราย active  ข้าม 0  (รวม 1,050)
  [  106/2804]    4%  ✓ 10/10 ราย active  ข้าม 0  (รวม 1,060)
  [  107/2804]    4%  ✓ 10/10 ราย active  ข้าม 0  (รวม 1,070)
  [  108/2804]    4%  ✓ 10/10 ราย active  ข้าม 0  (รวม 1,080)
  [  109/2804]    4%  ✓ 10/10 ราย active  ข้าม 0  (รวม 1,090)
  [  110/2804]    4%  ✓ 10/10 ราย active  ข้าม 0  (รวม 1,100)
  [  111/2804]    4%  ✓ 10/10 ราย active  ข้าม 0  (รวม 1,110)
  [  112/2804]    4%  ✓ 10/10 ราย active  ข้าม 0  (รวม 1,120)
  [  113/2804]    4%  ✓ 10/10 ราย active  ข้าม 0  (รวม 1,130)
  [  114/2804]    4%  ✓ 10/10 ราย active  ข้าม 0  (รวม 1,140)
  [  115/2804]    4%  ✓ 10/10 ราย active  ข้าม 0  (รวม 1,150)
  [  116/2804]    4%  ✓ 10/10 ราย active  ข้าม 0  (รวม 1,160)
  [  117/2804]    4%  ✓ 10/10 ราย active  ข้าม 0  (รวม 1,170)
  [  118/2804]    4%  ✓ 10/10 ราย active  ข้าม 0  (รวม 1,180)
  [  119/2804]    4%  ✓ 10/10 ราย active  ข้าม 0  (รวม 1,190)
  [  120/2804]    4%  ✓ 10/10 ราย active  ข้าม 0  (รวม 1,200)
  [  121/2804]    4%  ✓ 10/10 ราย active  ข้าม 0  (รวม 1,210)
  [  122/2804]    4%  ✓ 10/10 ราย active  ข้าม 0  (รวม 1,220)
  [  123/2804]    4%  ✓ 10/10 ราย active  ข้าม 0  (รวม 1,230)
  [  124/2804]    4%  ✓ 10/10 ราย active  ข้าม 0  (รวม 1,240)
  [  125/2804]    4%  ✓ 10/10 ราย active  ข้าม 0  (รวม 1,250)
  [  126/2804]    4%  ✓ 10/10 ราย active  ข้าม 0  (รวม 1,260)
  [  127/2804]    5%  ✓ 10/10 ราย active  ข้าม 0  (รวม 1,270)
  [  128/2804]    5%  ✓ 10/10 ราย active  ข้าม 0  (รวม 1,280)
  [  129/2804]    5%  ✓ 10/10 ราย active  ข้าม 0  (รวม 1,290)
  [  130/2804]    5%  ✓ 10/10 ราย active  ข้าม 0  (รวม 1,300)
  [  131/2804]    5%  ✓ 10/10 ราย active  ข้าม 0  (รวม 1,310)
  [  132/2804]    5%  ✓ 10/10 ราย active  ข้าม 0  (รวม 1,320)
  [  133/2804]    5%  ✓ 10/10 ราย active  ข้าม 0  (รวม 1,330)
  [  134/2804]    5%  ✓ 10/10 ราย active  ข้าม 0  (รวม 1,340)
  [  135/2804]    5%  ✓ 10/10 ราย active  ข้าม 0  (รวม 1,350)
  [  136/2804]    5%  ✓ 10/10 ราย active  ข้าม 0  (รวม 1,360)
  [  137/2804]    5%  ✓ 10/10 ราย active  ข้าม 0  (รวม 1,370)
  [  138/2804]    5%  ✓ 10/10 ราย active  ข้าม 0  (รวม 1,380)
  [  139/2804]    5%  ✓ 10/10 ราย active  ข้าม 0  (รวม 1,390)
  [  140/2804]    5%  ✓ 10/10 ราย active  ข้าม 0  (รวม 1,400)
  [  141/2804]    5%  ✓ 10/10 ราย active  ข้าม 0  (รวม 1,410)
  [  142/2804]    5%  ✓ 10/10 ราย active  ข้าม 0  (รวม 1,420)
  [  143/2804]    5%  ✓ 10/10 ราย active  ข้าม 0  (รวม 1,430)
  [  144/2804]    5%  ✓ 10/10 ราย active  ข้าม 0  (รวม 1,440)
  [  145/2804]    5%  ✓ 10/10 ราย active  ข้าม 0  (รวม 1,450)
  [  146/2804]    5%  ✓ 10/10 ราย active  ข้าม 0  (รวม 1,460)
  [  147/2804]    5%  ✓ 10/10 ราย active  ข้าม 0  (รวม 1,470)
  [  148/2804]    5%  ✓ 10/10 ราย active  ข้าม 0  (รวม 1,480)
  [  149/2804]    5%  ✓ 10/10 ราย active  ข้าม 0  (รวม 1,490)
  [  150/2804]    5%  ✓ 10/10 ราย active  ข้าม 0  (รวม 1,500)
         💾 checkpoint (1,500 ราย)
  [  151/2804]    5%  ✓ 10/10 ราย active  ข้าม 0  (รวม 1,510)
  [  152/2804]    5%  ✓ 10/10 ราย active  ข้าม 0  (รวม 1,520)
  [  153/2804]    5%  ✓ 10/10 ราย active  ข้าม 0  (รวม 1,530)
  [  154/2804]    5%  ✓ 10/10 ราย active  ข้าม 0  (รวม 1,540)
  [  155/2804]    6%  ✓ 10/10 ราย active  ข้าม 0  (รวม 1,550)
  [  156/2804]    6%  ✓ 10/10 ราย active  ข้าม 0  (รวม 1,560)
  [  157/2804]    6%  ✓ 10/10 ราย active  ข้าม 0  (รวม 1,570)
  [  158/2804]    6%  ✓ 10/10 ราย active  ข้าม 0  (รวม 1,580)
  [  159/2804]    6%  ✓ 10/10 ราย active  ข้าม 0  (รวม 1,590)
  [  160/2804]    6%  ✓ 10/10 ราย active  ข้าม 0  (รวม 1,600)
  [  161/2804]    6%  ✓ 10/10 ราย active  ข้าม 0  (รวม 1,610)
  [  162/2804]    6%  ✓ 10/10 ราย active  ข้าม 0  (รวม 1,620)
  [  163/2804]    6%  ✓ 10/10 ราย active  ข้าม 0  (รวม 1,630)
  [  164/2804]    6%  ✓ 10/10 ราย active  ข้าม 0  (รวม 1,640)
  [  165/2804]    6%  ✓ 10/10 ราย active  ข้าม 0  (รวม 1,650)
  [  166/2804]    6%  ✓ 10/10 ราย active  ข้าม 0  (รวม 1,660)
  [  167/2804]    6%  ✓ 10/10 ราย active  ข้าม 0  (รวม 1,670)
  [  168/2804]    6%  ✓ 10/10 ราย active  ข้าม 0  (รวม 1,680)
  [  169/2804]    6%  ✓ 10/10 ราย active  ข้าม 0  (รวม 1,690)
  [  170/2804]    6%  ✓ 10/10 ราย active  ข้าม 0  (รวม 1,700)
  [  171/2804]    6%  ✓ 10/10 ราย active  ข้าม 0  (รวม 1,710)
  [  172/2804]    6%  ✓ 10/10 ราย active  ข้าม 0  (รวม 1,720)
  [  173/2804]    6%  ✓ 10/10 ราย active  ข้าม 0  (รวม 1,730)
  [  174/2804]    6%  ✓ 10/10 ราย active  ข้าม 0  (รวม 1,740)
  [  175/2804]    6%  ✓ 10/10 ราย active  ข้าม 0  (รวม 1,750)
  [  176/2804]    6%  ✓ 10/10 ราย active  ข้าม 0  (รวม 1,760)
  [  177/2804]    6%  ✓ 10/10 ราย active  ข้าม 0  (รวม 1,770)
  [  178/2804]    6%  ✓ 10/10 ราย active  ข้าม 0  (รวม 1,780)
  [  179/2804]    6%  ✓ 10/10 ราย active  ข้าม 0  (รวม 1,790)
  [  180/2804]    6%  ✓ 10/10 ราย active  ข้าม 0  (รวม 1,800)
  [  181/2804]    6%  ✓ 10/10 ราย active  ข้าม 0  (รวม 1,810)
  [  182/2804]    6%  ✓ 10/10 ราย active  ข้าม 0  (รวม 1,820)
  [  183/2804]    7%  ✓ 10/10 ราย active  ข้าม 0  (รวม 1,830)
  [  184/2804]    7%  ✓ 10/10 ราย active  ข้าม 0  (รวม 1,840)
  [  185/2804]    7%  ✓ 10/10 ราย active  ข้าม 0  (รวม 1,850)
  [  186/2804]    7%  ✓ 10/10 ราย active  ข้าม 0  (รวม 1,860)
  [  187/2804]    7%  ✓ 10/10 ราย active  ข้าม 0  (รวม 1,870)
  [  188/2804]    7%  ✓ 10/10 ราย active  ข้าม 0  (รวม 1,880)
  [  189/2804]    7%  ✓ 10/10 ราย active  ข้าม 0  (รวม 1,890)
  [  190/2804]    7%  ✓ 10/10 ราย active  ข้าม 0  (รวม 1,900)
  [  191/2804]    7%  ✓ 10/10 ราย active  ข้าม 0  (รวม 1,910)
  [  192/2804]    7%  ✓ 10/10 ราย active  ข้าม 0  (รวม 1,920)
  [  193/2804]    7%  ✓ 10/10 ราย active  ข้าม 0  (รวม 1,930)
  [  194/2804]    7%  ✓ 10/10 ราย active  ข้าม 0  (รวม 1,940)
  [  195/2804]    7%  ✓ 10/10 ราย active  ข้าม 0  (รวม 1,950)
  [  196/2804]    7%  ✓ 10/10 ราย active  ข้าม 0  (รวม 1,960)
  [  197/2804]    7%  ✓ 10/10 ราย active  ข้าม 0  (รวม 1,970)
  [  198/2804]    7%  ✓ 10/10 ราย active  ข้าม 0  (รวม 1,980)
  [  199/2804]    7%  ✓ 10/10 ราย active  ข้าม 0  (รวม 1,990)
  [  200/2804]    7%  ✓ 10/10 ราย active  ข้าม 0  (รวม 2,000)
         💾 checkpoint (2,000 ราย)
  [  201/2804]    7%  ✓ 10/10 ราย active  ข้าม 0  (รวม 2,010)
  [  202/2804]    7%  ✓ 10/10 ราย active  ข้าม 0  (รวม 2,020)
  [  203/2804]    7%  ✓ 10/10 ราย active  ข้าม 0  (รวม 2,030)
  [  204/2804]    7%  ✓ 10/10 ราย active  ข้าม 0  (รวม 2,040)
  [  205/2804]    7%  ✓ 10/10 ราย active  ข้าม 0  (รวม 2,050)
  [  206/2804]    7%  ✓ 10/10 ราย active  ข้าม 0  (รวม 2,060)
  [  207/2804]    7%  ✓ 10/10 ราย active  ข้าม 0  (รวม 2,070)
  [  208/2804]    7%  ✓ 10/10 ราย active  ข้าม 0  (รวม 2,080)
  [  209/2804]    7%  ✓ 10/10 ราย active  ข้าม 0  (รวม 2,090)
  [  210/2804]    7%  ✓ 10/10 ราย active  ข้าม 0  (รวม 2,100)
  [  211/2804]    8%  ✓ 10/10 ราย active  ข้าม 0  (รวม 2,110)
  [  212/2804]    8%  ✓ 10/10 ราย active  ข้าม 0  (รวม 2,120)
  [  213/2804]    8%  ✓ 10/10 ราย active  ข้าม 0  (รวม 2,130)
  [  214/2804]    8%  ✓ 10/10 ราย active  ข้าม 0  (รวม 2,140)
  [  215/2804]    8%  ✓ 10/10 ราย active  ข้าม 0  (รวม 2,150)
  [  216/2804]    8%  ✓ 10/10 ราย active  ข้าม 0  (รวม 2,160)
  [  217/2804]    8%  ✓ 10/10 ราย active  ข้าม 0  (รวม 2,170)
  [  218/2804]    8%  ✓ 10/10 ราย active  ข้าม 0  (รวม 2,180)
  [  219/2804]    8%  ✓ 10/10 ราย active  ข้าม 0  (รวม 2,190)
  [  220/2804]    8%  ✓ 10/10 ราย active  ข้าม 0  (รวม 2,200)
  [  221/2804]    8%  ✓ 10/10 ราย active  ข้าม 0  (รวม 2,210)
  [  222/2804]    8%  ✓ 10/10 ราย active  ข้าม 0  (รวม 2,220)
  [  223/2804]    8%  ✓ 10/10 ราย active  ข้าม 0  (รวม 2,230)
  [  224/2804]    8%  ✓ 10/10 ราย active  ข้าม 0  (รวม 2,240)
  [  225/2804]    8%  ✓ 10/10 ราย active  ข้าม 0  (รวม 2,250)
  [  226/2804]    8%  ✓ 10/10 ราย active  ข้าม 0  (รวม 2,260)
  [  227/2804]    8%  ✓ 10/10 ราย active  ข้าม 0  (รวม 2,270)
  [  228/2804]    8%  ✓ 10/10 ราย active  ข้าม 0  (รวม 2,280)
  [  229/2804]    8%  ✓ 10/10 ราย active  ข้าม 0  (รวม 2,290)
  [  230/2804]    8%  ✓ 10/10 ราย active  ข้าม 0  (รวม 2,300)
  [  231/2804]    8%  ✓ 10/10 ราย active  ข้าม 0  (รวม 2,310)
  [  232/2804]    8%  ✓ 10/10 ราย active  ข้าม 0  (รวม 2,320)
  [  233/2804]    8%  ✓ 10/10 ราย active  ข้าม 0  (รวม 2,330)
  [  234/2804]    8%  ✓ 10/10 ราย active  ข้าม 0  (รวม 2,340)
  [  235/2804]    8%  ✓ 10/10 ราย active  ข้าม 0  (รวม 2,350)
  [  236/2804]    8%  ✓ 10/10 ราย active  ข้าม 0  (รวม 2,360)
  [  237/2804]    8%  ✓ 10/10 ราย active  ข้าม 0  (รวม 2,370)
  [  238/2804]    8%  ✓ 10/10 ราย active  ข้าม 0  (รวม 2,380)
  [  239/2804]    9%  ✓ 10/10 ราย active  ข้าม 0  (รวม 2,390)
  [  240/2804]    9%  ✓ 10/10 ราย active  ข้าม 0  (รวม 2,400)
  [  241/2804]    9%  ✓ 10/10 ราย active  ข้าม 0  (รวม 2,410)
  [  242/2804]    9%  ✓ 10/10 ราย active  ข้าม 0  (รวม 2,420)
  [  243/2804]    9%  ✓ 10/10 ราย active  ข้าม 0  (รวม 2,430)
  [  244/2804]    9%  ✓ 10/10 ราย active  ข้าม 0  (รวม 2,440)
  [  245/2804]    9%  ✓ 10/10 ราย active  ข้าม 0  (รวม 2,450)
  [  246/2804]    9%  ✓ 10/10 ราย active  ข้าม 0  (รวม 2,460)
  [  247/2804]    9%  ✓ 10/10 ราย active  ข้าม 0  (รวม 2,470)
  [  248/2804]    9%  ✓ 10/10 ราย active  ข้าม 0  (รวม 2,480)
  [  249/2804]    9%  ✓ 10/10 ราย active  ข้าม 0  (รวม 2,490)
  [  250/2804]    9%  ✓ 10/10 ราย active  ข้าม 0  (รวม 2,500)
         💾 checkpoint (2,500 ราย)
  [  251/2804]    9%  ✓ 10/10 ราย active  ข้าม 0  (รวม 2,510)
  [  252/2804]    9%  ✓ 10/10 ราย active  ข้าม 0  (รวม 2,520)
  [  253/2804]    9%  ✓ 10/10 ราย active  ข้าม 0  (รวม 2,530)
  [  254/2804]    9%  ✓ 10/10 ราย active  ข้าม 0  (รวม 2,540)
  [  255/2804]    9%  ✓ 10/10 ราย active  ข้าม 0  (รวม 2,550)
  [  256/2804]    9%  ✓ 10/10 ราย active  ข้าม 0  (รวม 2,560)
  [  257/2804]    9%  ✓ 10/10 ราย active  ข้าม 0  (รวม 2,570)
  [  258/2804]    9%  ✓ 10/10 ราย active  ข้าม 0  (รวม 2,580)
  [  259/2804]    9%  ✓ 10/10 ราย active  ข้าม 0  (รวม 2,590)
  [  260/2804]    9%  ✓ 10/10 ราย active  ข้าม 0  (รวม 2,600)
  [  261/2804]    9%  ✓ 10/10 ราย active  ข้าม 0  (รวม 2,610)
  [  262/2804]    9%  ✓ 10/10 ราย active  ข้าม 0  (รวม 2,620)
  [  263/2804]    9%  ✓ 10/10 ราย active  ข้าม 0  (รวม 2,630)
  [  264/2804]    9%  ✓ 10/10 ราย active  ข้าม 0  (รวม 2,640)
  [  265/2804]    9%  ✓ 10/10 ราย active  ข้าม 0  (รวม 2,650)
  [  266/2804]    9%  ✓ 10/10 ราย active  ข้าม 0  (รวม 2,660)
  [  267/2804]   10%  ✓ 10/10 ราย active  ข้าม 0  (รวม 2,670)
  [  268/2804]   10%  ✓ 10/10 ราย active  ข้าม 0  (รวม 2,680)
  [  269/2804]   10%  ✓ 10/10 ราย active  ข้าม 0  (รวม 2,690)
  [  270/2804]   10%  ✓ 10/10 ราย active  ข้าม 0  (รวม 2,700)
  [  271/2804]   10%  ✓ 10/10 ราย active  ข้าม 0  (รวม 2,710)
  [  272/2804]   10%  ✓ 10/10 ราย active  ข้าม 0  (รวม 2,720)
  [  273/2804]   10%  ✓ 10/10 ราย active  ข้าม 0  (รวม 2,730)
  [  274/2804]   10%  ✓ 10/10 ราย active  ข้าม 0  (รวม 2,740)
  [  275/2804]   10%  ✓ 10/10 ราย active  ข้าม 0  (รวม 2,750)
  [  276/2804]   10%  ✓ 10/10 ราย active  ข้าม 0  (รวม 2,760)
  [  277/2804]   10%  ✓ 10/10 ราย active  ข้าม 0  (รวม 2,770)
  [  278/2804]   10%  ✓ 10/10 ราย active  ข้าม 0  (รวม 2,780)
  [  279/2804]   10%  ✓ 10/10 ราย active  ข้าม 0  (รวม 2,790)
  [  280/2804]   10%  Traceback (most recent call last):
  File "/Users/mac/Desktop/jeep/dbd_scraper.py", line 1077, in <module>
    asyncio.run(main())
  File "/Library/Developer/CommandLineTools/Library/Frameworks/Python3.framework/Versions/3.9/lib/python3.9/asyncio/runners.py", line 44, in run
    return loop.run_until_complete(main)
  File "/Library/Developer/CommandLineTools/Library/Frameworks/Python3.framework/Versions/3.9/lib/python3.9/asyncio/base_events.py", line 629, in run_until_complete
    self.run_forever()
  File "/Library/Developer/CommandLineTools/Library/Frameworks/Python3.framework/Versions/3.9/lib/python3.9/asyncio/base_events.py", line 596, in run_forever
    self._run_once()
  File "/Library/Developer/CommandLineTools/Library/Frameworks/Python3.framework/Versions/3.9/lib/python3.9/asyncio/base_events.py", line 1854, in _run_once
    event_list = self._selector.select(timeout)
  File "/Library/Developer/CommandLineTools/Library/Frameworks/Python3.framework/Versions/3.9/lib/python3.9/selectors.py", line 562, in select
    kev_list = self._selector.control(None, max_ev, timeout)
KeyboardInterrupt
